<!DOCTYPE html PUBLIC "-//W3C//DTD XHTML 1.0 Transitional//EN"
  "http://www.w3.org/TR/xhtml1/DTD/xhtml1-transitional.dtd">


<html xmlns="http://www.w3.org/1999/xhtml">
  <head>
    <meta http-equiv="Content-Type" content="text/html; charset=utf-8" />
    
    <title>Running Sage’s doctests &mdash; Sage Developer&#39;s Guide v7.3</title>
    
    <link rel="stylesheet" href="_static/sage.css" type="text/css" />
    <link rel="stylesheet" href="_static/pygments.css" type="text/css" />
    
    <script type="text/javascript">
      var DOCUMENTATION_OPTIONS = {
        URL_ROOT:    './',
        VERSION:     '7.3',
        COLLAPSE_INDEX: false,
        FILE_SUFFIX: '.html',
        HAS_SOURCE:  true
      };
    </script>
    <script type="text/javascript" src="_static/jquery.js"></script>
    <script type="text/javascript" src="_static/underscore.js"></script>
    <script type="text/javascript" src="_static/doctools.js"></script>
    <script type="text/javascript" src="_static/MathJax.js?config=TeX-AMS_HTML-full,../mathjax_sage.js"></script>
    <script type="text/javascript" src="_static/MathJax.js?config=TeX-AMS_HTML-full,../mathjax_sage.js"></script>
    <script type="text/javascript" src="_static/MathJax.js?config=TeX-AMS_HTML-full,../mathjax_sage.js"></script>
    <link rel="shortcut icon" href="_static/favicon.ico"/>
    <link rel="top" title="Sage Developer&#39;s Guide v7.3" href="index.html" />
    <link rel="next" title="The Sage Manuals" href="sage_manuals.html" />
    <link rel="prev" title="The reviewer’s check list" href="reviewer_checklist.html" />
    <link rel="icon" href="_static/sageicon.png" type="image/x-icon" />

  </head>
  <body role="document">
    <div class="related" role="navigation" aria-label="related navigation">
      <h3>Navigation</h3>
      <ul>
        <li class="right" style="margin-right: 10px">
          <a href="genindex.html" title="General Index"
             accesskey="I">index</a></li>
        <li class="right" >
          <a href="py-modindex.html" title="Python Module Index"
             >modules</a> |</li>
        <li class="right" >
          <a href="sage_manuals.html" title="The Sage Manuals"
             accesskey="N">next</a> |</li>
        <li class="right" >
          <a href="reviewer_checklist.html" title="The reviewer’s check list"
             accesskey="P">previous</a> |</li>
  
    
      <a href="../index.html"><img src="_static/sagelogo.png" style="vertical-align: middle" title="Sage Logo"></a>
    
  
  
        <li class="nav-item nav-item-0"><a href="index.html">Developer&#39;s Guide v7.3</a> &raquo;</li>
 
      </ul>
    </div>  

    <div class="document">
      <div class="documentwrapper">
        <div class="bodywrapper">
          <div class="body" role="main">
            
  <div class="section" id="running-sage-s-doctests">
<span id="chapter-doctesting"></span><h1>Running Sage&#8217;s doctests<a class="headerlink" href="#running-sage-s-doctests" title="Permalink to this headline">¶</a></h1>
<p>Doctesting a function ensures that the function performs as claimed by
its documentation. Testing can be performed using one thread or
multiple threads. After compiling a source version of Sage, doctesting
can be run on the whole Sage library, on all modules under a given
directory, or on a specified module only. For the purposes of this
chapter, suppose we have compiled Sage 6.0 from source and the top
level Sage directory is:</p>
<div class="highlight-default"><div class="highlight"><pre><span></span>[jdemeyer@sage sage-6.0]$ pwd
/scratch/jdemeyer/build/sage-6.0
</pre></div>
</div>
<p>See the section <a class="reference internal" href="coding_basics.html#chapter-testing"><span class="std std-ref">Running Automated Tests</span></a> for information on Sage&#8217;s
automated testing process. The general syntax for doctesting is as
follows. To doctest a module in the library of a version of Sage, use
this syntax:</p>
<div class="highlight-default"><div class="highlight"><pre><span></span><span class="o">/</span><span class="n">path</span><span class="o">/</span><span class="n">to</span><span class="o">/</span><span class="n">sage</span><span class="o">-</span><span class="n">x</span><span class="o">.</span><span class="n">y</span><span class="o">.</span><span class="n">z</span><span class="o">/</span><span class="n">sage</span> <span class="o">-</span><span class="n">t</span> <span class="p">[</span><span class="o">--</span><span class="n">long</span><span class="p">]</span> <span class="o">/</span><span class="n">path</span><span class="o">/</span><span class="n">to</span><span class="o">/</span><span class="n">sage</span><span class="o">-</span><span class="n">x</span><span class="o">.</span><span class="n">y</span><span class="o">.</span><span class="n">z</span><span class="o">/</span><span class="n">path</span><span class="o">/</span><span class="n">to</span><span class="o">/</span><span class="n">module</span><span class="o">.</span><span class="n">py</span><span class="p">[</span><span class="n">x</span><span class="p">]</span>
</pre></div>
</div>
<p>where <code class="docutils literal"><span class="pre">--long</span></code> is an optional argument (see <a class="reference internal" href="#section-options"><span class="std std-ref">Optional Arguments</span></a>
for more options). The version of <code class="docutils literal"><span class="pre">sage</span></code> used must match the version
of Sage containing the module we want to doctest. A Sage module can be
either a Python script (with the file extension &#8221;.py&#8221;) or it can be a
Cython script, in which case it has the file extension &#8221;.pyx&#8221;.</p>
<div class="section" id="testing-a-module">
<h2>Testing a Module<a class="headerlink" href="#testing-a-module" title="Permalink to this headline">¶</a></h2>
<p>Say we want to run all tests in the sudoku module
<code class="docutils literal"><span class="pre">sage/games/sudoku.py</span></code>. In a terminal window, first we <code class="docutils literal"><span class="pre">cd</span></code> to the
top level Sage directory of our local Sage installation. Now  we can
start doctesting as demonstrated in the following terminal session:</p>
<div class="highlight-default"><div class="highlight"><pre><span></span>[jdemeyer@sage sage-6.0]$ ./sage -t src/sage/games/sudoku.py
Running doctests with ID 2012-07-03-03-36-49-d82849c6.
Doctesting 1 file.
sage -t src/sage/games/sudoku.py
    [103 tests, 3.6 s]
------------------------------------------------------------------------
All tests passed!
------------------------------------------------------------------------
Total time for all tests: 4.8 seconds
    cpu time: 3.6 seconds
    cumulative wall time: 3.6 seconds
</pre></div>
</div>
<p>The numbers output by the test show that testing the sudoku module
takes about four seconds, while testing all specified modules took the
same amount of time; the total time required includes some startup
time for the code that runs the tests. In this case, we only tested
one module so it is not surprising that the total testing time is
approximately the same as the time required to test only that one
module. Notice that the syntax is:</p>
<div class="highlight-default"><div class="highlight"><pre><span></span>[jdemeyer@sage sage-6.0]$ ./sage -t src/sage/games/sudoku.py
Running doctests with ID 2012-07-03-03-39-02-da6accbb.
Doctesting 1 file.
sage -t src/sage/games/sudoku.py
    [103 tests, 3.6 s]
------------------------------------------------------------------------
All tests passed!
------------------------------------------------------------------------
Total time for all tests: 4.9 seconds
    cpu time: 3.6 seconds
    cumulative wall time: 3.6 seconds
</pre></div>
</div>
<p>but not:</p>
<div class="highlight-default"><div class="highlight"><pre><span></span>[jdemeyer@sage sage-6.0]$ ./sage -t sage/games/sudoku.py
Running doctests with ID 2012-07-03-03-40-53-6cc4f29f.
No files matching sage/games/sudoku.py
No files to doctest
</pre></div>
</div>
<p>We can also first <code class="docutils literal"><span class="pre">cd</span></code> to the directory containing the module
<code class="docutils literal"><span class="pre">sudoku.py</span></code> and doctest that module as follows:</p>
<div class="highlight-default"><div class="highlight"><pre><span></span>[jdemeyer@sage sage-6.0]$ cd src/sage/games/
[jdemeyer@sage games]$ ls
__init__.py  hexad.py       sudoku.py           sudoku_backtrack.pyx
all.py       quantumino.py  sudoku_backtrack.c
[jdemeyer@sage games]$ ../../../../sage -t sudoku.py
Running doctests with ID 2012-07-03-03-41-39-95ebd2ff.
Doctesting 1 file.
sage -t sudoku.py
    [103 tests, 3.6 s]
------------------------------------------------------------------------
All tests passed!
------------------------------------------------------------------------
Total time for all tests: 5.2 seconds
    cpu time: 3.6 seconds
    cumulative wall time: 3.6 seconds
</pre></div>
</div>
<p>In all of the above terminal sessions, we used a local installation of
Sage to test its own modules. Even if we have a system-wide Sage
installation, using that version to doctest the modules of a local
installation is a recipe for confusion.</p>
</div>
<div class="section" id="troubleshooting">
<h2>Troubleshooting<a class="headerlink" href="#troubleshooting" title="Permalink to this headline">¶</a></h2>
<p>To doctest modules of a Sage installation, from a terminal window we
first <code class="docutils literal"><span class="pre">cd</span></code> to the top level directory of that Sage installation,
otherwise known as the <code class="docutils literal"><span class="pre">SAGE_ROOT</span></code> of that installation. When we
run tests, we use that particular Sage installation via the syntax
<code class="docutils literal"><span class="pre">./sage</span></code>; notice the &#8220;dot-forward-slash&#8221; at the front of
<code class="docutils literal"><span class="pre">sage</span></code>. This is a precaution against confusion that can arise when
our system has multiple Sage installations. For example, the following
syntax is acceptable because we explicitly specify the Sage
installation in the current <code class="docutils literal"><span class="pre">SAGE_ROOT</span></code>:</p>
<div class="highlight-default"><div class="highlight"><pre><span></span>[jdemeyer@sage sage-6.0]$ ./sage -t src/sage/games/sudoku.py
Running doctests with ID 2012-07-03-03-43-24-a3449f54.
Doctesting 1 file.
sage -t src/sage/games/sudoku.py
    [103 tests, 3.6 s]
------------------------------------------------------------------------
All tests passed!
------------------------------------------------------------------------
Total time for all tests: 4.9 seconds
    cpu time: 3.6 seconds
    cumulative wall time: 3.6 seconds
[jdemeyer@sage sage-6.0]$ ./sage -t &quot;src/sage/games/sudoku.py&quot;
Running doctests with ID 2012-07-03-03-43-54-ac8ca007.
Doctesting 1 file.
sage -t src/sage/games/sudoku.py
    [103 tests, 3.6 s]
------------------------------------------------------------------------
All tests passed!
------------------------------------------------------------------------
Total time for all tests: 4.9 seconds
    cpu time: 3.6 seconds
    cumulative wall time: 3.6 seconds
</pre></div>
</div>
<p>The following syntax is not recommended as we are using a system-wide
Sage installation (if it exists):</p>
<div class="highlight-default"><div class="highlight"><pre><span></span>[jdemeyer@sage sage-6.0]$ sage -t src/sage/games/sudoku.py
sage -t  &quot;src/sage/games/sudoku.py&quot;
**********************************************************************
File &quot;/home/jdemeyer/sage/sage-6.0/src/sage/games/sudoku.py&quot;, line 515:
    sage: next(h.solve(algorithm=&#39;backtrack&#39;))
Exception raised:
    Traceback (most recent call last):
      File &quot;/usr/local/sage/local/bin/ncadoctest.py&quot;, line 1231, in run_one_test
        self.run_one_example(test, example, filename, compileflags)
      File &quot;/usr/local/sage/local/bin/sagedoctest.py&quot;, line 38, in run_one_example
        OrigDocTestRunner.run_one_example(self, test, example, filename, compileflags)
      File &quot;/usr/local/sage/local/bin/ncadoctest.py&quot;, line 1172, in run_one_example
        compileflags, 1) in test.globs
      File &quot;&lt;doctest __main__.example_13[4]&gt;&quot;, line 1, in &lt;module&gt;
        next(h.solve(algorithm=&#39;backtrack&#39;))###line 515:
    sage: next(h.solve(algorithm=&#39;backtrack&#39;))
      File &quot;/home/jdemeyer/.sage/tmp/sudoku.py&quot;, line 607, in solve
        for soln in gen:
      File &quot;/home/jdemeyer/.sage/tmp/sudoku.py&quot;, line 719, in backtrack
        from sudoku_backtrack import backtrack_all
    ImportError: No module named sudoku_backtrack
**********************************************************************
[...more errors...]
2 items had failures:
   4 of  15 in __main__.example_13
   2 of   8 in __main__.example_14
***Test Failed*** 6 failures.
For whitespace errors, see the file /home/jdemeyer/.sage//tmp/.doctest_sudoku.py
         [21.1 s]

----------------------------------------------------------------------
The following tests failed:


        sage -t  &quot;src/sage/games/sudoku.py&quot;
Total time for all tests: 21.3 seconds
</pre></div>
</div>
<p>In this case, we received an error because the system-wide Sage
installation is a different (older) version than the one we are
using for Sage development.  Make sure you always test the files
with the correct version of Sage.</p>
</div>
<div class="section" id="parallel-testing-many-modules">
<h2>Parallel Testing Many Modules<a class="headerlink" href="#parallel-testing-many-modules" title="Permalink to this headline">¶</a></h2>
<p>So far we have used a single thread to doctest a module in the Sage
library. There are hundreds, even thousands of modules in the Sage
library. Testing them all using one thread would take a few
hours. Depending on our hardware, this could take up to six hours or
more. On a multi-core system, parallel doctesting can significantly
reduce the testing time. Unless we also want to use our computer
while doctesting in parallel, we can choose to devote all the cores
of our system for parallel testing.</p>
<p>Let us doctest all modules in a directory, first using a single thread
and then using four threads. For this example, suppose we want to test
all the modules under <code class="docutils literal"><span class="pre">sage/crypto/</span></code>. We can use a syntax similar to
that shown above to achieve this:</p>
<div class="highlight-default"><div class="highlight"><pre><span></span>[jdemeyer@sage sage-6.0]$ ./sage -t src/sage/crypto
Running doctests with ID 2012-07-03-03-45-40-7f837dcf.
Doctesting 24 files.
sage -t src/sage/crypto/__init__.py
    [0 tests, 0.0 s]
sage -t src/sage/crypto/all.py
    [0 tests, 0.0 s]
sage -t src/sage/crypto/boolean_function.pyx
    [252 tests, 4.4 s]
sage -t src/sage/crypto/cipher.py
    [10 tests, 0.0 s]
sage -t src/sage/crypto/classical.py
    [718 tests, 11.3 s]
sage -t src/sage/crypto/classical_cipher.py
    [130 tests, 0.5 s]
sage -t src/sage/crypto/cryptosystem.py
    [82 tests, 0.1 s]
sage -t src/sage/crypto/lattice.py
    [1 tests, 0.0 s]
sage -t src/sage/crypto/lfsr.py
    [31 tests, 0.1 s]
sage -t src/sage/crypto/stream.py
    [17 tests, 0.1 s]
sage -t src/sage/crypto/stream_cipher.py
    [114 tests, 0.2 s]
sage -t src/sage/crypto/util.py
    [122 tests, 0.2 s]
sage -t src/sage/crypto/block_cipher/__init__.py
    [0 tests, 0.0 s]
sage -t src/sage/crypto/block_cipher/all.py
    [0 tests, 0.0 s]
sage -t src/sage/crypto/block_cipher/miniaes.py
    [430 tests, 1.3 s]
sage -t src/sage/crypto/block_cipher/sdes.py
    [290 tests, 0.9 s]
sage -t src/sage/crypto/mq/__init__.py
    [0 tests, 0.0 s]
sage -t src/sage/crypto/mq/mpolynomialsystem.py
    [320 tests, 9.1 s]
sage -t src/sage/crypto/mq/mpolynomialsystemgenerator.py
    [42 tests, 0.1 s]
sage -t src/sage/crypto/mq/sbox.py
    [124 tests, 0.8 s]
sage -t src/sage/crypto/mq/sr.py
    [435 tests, 5.5 s]
sage -t src/sage/crypto/public_key/__init__.py
    [0 tests, 0.0 s]
sage -t src/sage/crypto/public_key/all.py
    [0 tests, 0.0 s]
sage -t src/sage/crypto/public_key/blum_goldwasser.py
    [135 tests, 0.2 s]
------------------------------------------------------------------------
All tests passed!
------------------------------------------------------------------------
Total time for all tests: 38.1 seconds
    cpu time: 29.8 seconds
    cumulative wall time: 35.1 seconds
</pre></div>
</div>
<p>Now we do the same thing, but this time we also use the optional
argument <code class="docutils literal"><span class="pre">--long</span></code>:</p>
<div class="highlight-default"><div class="highlight"><pre><span></span>[jdemeyer@sage sage-6.0]$ ./sage -t --long src/sage/crypto/
Running doctests with ID 2012-07-03-03-48-11-c16721e6.
Doctesting 24 files.
sage -t --long src/sage/crypto/__init__.py
    [0 tests, 0.0 s]
sage -t --long src/sage/crypto/all.py
    [0 tests, 0.0 s]
sage -t --long src/sage/crypto/boolean_function.pyx
    [252 tests, 4.2 s]
sage -t --long src/sage/crypto/cipher.py
    [10 tests, 0.0 s]
sage -t --long src/sage/crypto/classical.py
    [718 tests, 10.3 s]
sage -t --long src/sage/crypto/classical_cipher.py
    [130 tests, 0.5 s]
sage -t --long src/sage/crypto/cryptosystem.py
    [82 tests, 0.1 s]
sage -t --long src/sage/crypto/lattice.py
    [1 tests, 0.0 s]
sage -t --long src/sage/crypto/lfsr.py
    [31 tests, 0.1 s]
sage -t --long src/sage/crypto/stream.py
    [17 tests, 0.1 s]
sage -t --long src/sage/crypto/stream_cipher.py
    [114 tests, 0.2 s]
sage -t --long src/sage/crypto/util.py
    [122 tests, 0.2 s]
sage -t --long src/sage/crypto/block_cipher/__init__.py
    [0 tests, 0.0 s]
sage -t --long src/sage/crypto/block_cipher/all.py
    [0 tests, 0.0 s]
sage -t --long src/sage/crypto/block_cipher/miniaes.py
    [430 tests, 1.1 s]
sage -t --long src/sage/crypto/block_cipher/sdes.py
    [290 tests, 0.7 s]
sage -t --long src/sage/crypto/mq/__init__.py
    [0 tests, 0.0 s]
sage -t --long src/sage/crypto/mq/mpolynomialsystem.py
    [320 tests, 7.5 s]
sage -t --long src/sage/crypto/mq/mpolynomialsystemgenerator.py
    [42 tests, 0.1 s]
sage -t --long src/sage/crypto/mq/sbox.py
    [124 tests, 0.7 s]
sage -t --long src/sage/crypto/mq/sr.py
    [437 tests, 82.4 s]
sage -t --long src/sage/crypto/public_key/__init__.py
    [0 tests, 0.0 s]
sage -t --long src/sage/crypto/public_key/all.py
    [0 tests, 0.0 s]
sage -t --long src/sage/crypto/public_key/blum_goldwasser.py
    [135 tests, 0.2 s]
------------------------------------------------------------------------
All tests passed!
------------------------------------------------------------------------
Total time for all tests: 111.8 seconds
    cpu time: 106.1 seconds
    cumulative wall time: 108.5 seconds
</pre></div>
</div>
<p>Notice the time difference between the first set of tests and the
second set, which uses the optional argument <code class="docutils literal"><span class="pre">--long</span></code>. Many tests in the
Sage library are flagged with <code class="docutils literal"><span class="pre">#</span> <span class="pre">long</span> <span class="pre">time</span></code> because these are known to
take a long time to run through. Without using the optional <code class="docutils literal"><span class="pre">--long</span></code>
argument, the module <code class="docutils literal"><span class="pre">sage/crypto/mq/sr.py</span></code> took about five
seconds. With this optional argument, it required 82 seconds to run
through all tests in that module. Here is a snippet of a function in
the module <code class="docutils literal"><span class="pre">sage/crypto/mq/sr.py</span></code> with a doctest that has been flagged
as taking a long time:</p>
<div class="highlight-default"><div class="highlight"><pre><span></span><span class="k">def</span> <span class="nf">test_consistency</span><span class="p">(</span><span class="n">max_n</span><span class="o">=</span><span class="mi">2</span><span class="p">,</span> <span class="o">**</span><span class="n">kwargs</span><span class="p">):</span>
    <span class="sd">r&quot;&quot;&quot;</span>
<span class="sd">    Test all combinations of ``r``, ``c``, ``e`` and ``n`` in ``(1,</span>
<span class="sd">    2)`` for consistency of random encryptions and their polynomial</span>
<span class="sd">    systems. `\GF{2}` and `\GF{2^e}` systems are tested. This test takes</span>
<span class="sd">    a while.</span>

<span class="sd">    INPUT:</span>

<span class="sd">    - ``max_n`` -- maximal number of rounds to consider (default: 2)</span>
<span class="sd">    - ``kwargs`` -- are passed to the SR constructor</span>

<span class="sd">    TESTS:</span>

<span class="sd">    The following test called with ``max_n`` = 2 requires a LOT of RAM</span>
<span class="sd">    (much more than 2GB).  Since this might cause the doctest to fail</span>
<span class="sd">    on machines with &quot;only&quot; 2GB of RAM, we test ``max_n`` = 1, which</span>
<span class="sd">    has a more reasonable memory usage. ::</span>

<span class="sd">        sage: from sage.crypto.mq.sr import test_consistency</span>
<span class="sd">        sage: test_consistency(1)  # long time (80s on sage.math, 2011)</span>
<span class="sd">        True</span>
<span class="sd">    &quot;&quot;&quot;</span>
</pre></div>
</div>
<p>Now we doctest the same directory in parallel using 4 threads:</p>
<div class="highlight-default"><div class="highlight"><pre><span></span>[jdemeyer@sage sage-6.0]$ ./sage -tp 4 src/sage/crypto/
Running doctests with ID 2012-07-07-00-11-55-9b17765e.
Sorting sources by runtime so that slower doctests are run first....
Doctesting 24 files using 4 threads.
sage -t src/sage/crypto/boolean_function.pyx
    [252 tests, 3.8 s]
sage -t src/sage/crypto/block_cipher/miniaes.py
    [429 tests, 1.1 s]
sage -t src/sage/crypto/mq/sr.py
    [432 tests, 5.7 s]
sage -t src/sage/crypto/mq/sbox.py
    [123 tests, 0.8 s]
sage -t src/sage/crypto/block_cipher/sdes.py
    [289 tests, 0.6 s]
sage -t src/sage/crypto/classical_cipher.py
    [123 tests, 0.4 s]
sage -t src/sage/crypto/stream_cipher.py
    [113 tests, 0.1 s]
sage -t src/sage/crypto/public_key/blum_goldwasser.py
    [134 tests, 0.1 s]
sage -t src/sage/crypto/lfsr.py
    [30 tests, 0.1 s]
sage -t src/sage/crypto/util.py
    [121 tests, 0.1 s]
sage -t src/sage/crypto/cryptosystem.py
    [79 tests, 0.0 s]
sage -t src/sage/crypto/stream.py
    [12 tests, 0.0 s]
sage -t src/sage/crypto/mq/mpolynomialsystemgenerator.py
    [40 tests, 0.0 s]
sage -t src/sage/crypto/cipher.py
    [3 tests, 0.0 s]
sage -t src/sage/crypto/lattice.py
    [0 tests, 0.0 s]
sage -t src/sage/crypto/block_cipher/__init__.py
    [0 tests, 0.0 s]
sage -t src/sage/crypto/all.py
    [0 tests, 0.0 s]
sage -t src/sage/crypto/public_key/__init__.py
    [0 tests, 0.0 s]
sage -t src/sage/crypto/__init__.py
    [0 tests, 0.0 s]
sage -t src/sage/crypto/public_key/all.py
    [0 tests, 0.0 s]
sage -t src/sage/crypto/mq/__init__.py
    [0 tests, 0.0 s]
sage -t src/sage/crypto/block_cipher/all.py
    [0 tests, 0.0 s]
sage -t src/sage/crypto/mq/mpolynomialsystem.py
    [318 tests, 8.4 s]
sage -t src/sage/crypto/classical.py
    [717 tests, 10.4 s]
------------------------------------------------------------------------
All tests passed!
------------------------------------------------------------------------
Total time for all tests: 12.9 seconds
    cpu time: 30.5 seconds
    cumulative wall time: 31.7 seconds
[jdemeyer@sage sage-6.0]$ ./sage -tp 4 --long src/sage/crypto/
Running doctests with ID 2012-07-07-00-13-04-d71f3cd4.
Sorting sources by runtime so that slower doctests are run first....
Doctesting 24 files using 4 threads.
sage -t --long src/sage/crypto/boolean_function.pyx
    [252 tests, 3.7 s]
sage -t --long src/sage/crypto/block_cipher/miniaes.py
    [429 tests, 1.0 s]
sage -t --long src/sage/crypto/mq/sbox.py
    [123 tests, 0.8 s]
sage -t --long src/sage/crypto/block_cipher/sdes.py
    [289 tests, 0.6 s]
sage -t --long src/sage/crypto/classical_cipher.py
    [123 tests, 0.4 s]
sage -t --long src/sage/crypto/util.py
    [121 tests, 0.1 s]
sage -t --long src/sage/crypto/stream_cipher.py
    [113 tests, 0.1 s]
sage -t --long src/sage/crypto/public_key/blum_goldwasser.py
    [134 tests, 0.1 s]
sage -t --long src/sage/crypto/lfsr.py
    [30 tests, 0.0 s]
sage -t --long src/sage/crypto/cryptosystem.py
    [79 tests, 0.0 s]
sage -t --long src/sage/crypto/stream.py
    [12 tests, 0.0 s]
sage -t --long src/sage/crypto/mq/mpolynomialsystemgenerator.py
    [40 tests, 0.0 s]
sage -t --long src/sage/crypto/cipher.py
    [3 tests, 0.0 s]
sage -t --long src/sage/crypto/lattice.py
    [0 tests, 0.0 s]
sage -t --long src/sage/crypto/block_cipher/all.py
    [0 tests, 0.0 s]
sage -t --long src/sage/crypto/public_key/__init__.py
    [0 tests, 0.0 s]
sage -t --long src/sage/crypto/mq/__init__.py
    [0 tests, 0.0 s]
sage -t --long src/sage/crypto/all.py
    [0 tests, 0.0 s]
sage -t --long src/sage/crypto/block_cipher/__init__.py
    [0 tests, 0.0 s]
sage -t --long src/sage/crypto/__init__.py
    [0 tests, 0.0 s]
sage -t --long src/sage/crypto/public_key/all.py
    [0 tests, 0.0 s]
sage -t --long src/sage/crypto/mq/mpolynomialsystem.py
    [318 tests, 9.0 s]
sage -t --long src/sage/crypto/classical.py
    [717 tests, 10.5 s]
sage -t --long src/sage/crypto/mq/sr.py
    [434 tests, 88.0 s]
------------------------------------------------------------------------
All tests passed!
------------------------------------------------------------------------
Total time for all tests: 90.4 seconds
    cpu time: 113.4 seconds
    cumulative wall time: 114.5 seconds
</pre></div>
</div>
<p>As the number of threads increases, the total testing time
decreases.</p>
</div>
<div class="section" id="parallel-testing-the-whole-sage-library">
<span id="section-parallel-test-whole-library"></span><h2>Parallel Testing the Whole Sage Library<a class="headerlink" href="#parallel-testing-the-whole-sage-library" title="Permalink to this headline">¶</a></h2>
<p>The main Sage library resides in the directory
<code class="docutils literal"><span class="pre">SAGE_ROOT/src/</span></code>. We can use the syntax described above
to doctest the main library using multiple threads. When doing release
management or patching the main Sage library, a release manager would
parallel test the library using 10 threads with the following command:</p>
<div class="highlight-default"><div class="highlight"><pre><span></span>[jdemeyer@sage sage-6.0]$ ./sage -tp 10 --long src/
</pre></div>
</div>
<p>Another way is run <code class="docutils literal"><span class="pre">make</span> <span class="pre">ptestlong</span></code>, which builds Sage (if necessary),
builds the Sage documentation (if necessary), and then runs parallel
doctests.  This determines the number of threads by reading the
environment variable <span class="target" id="index-0"></span><code class="xref std std-envvar docutils literal"><span class="pre">MAKE</span></code>: if it is set to <code class="docutils literal"><span class="pre">make</span> <span class="pre">-j12</span></code>, then
use 12 threads.  If <span class="target" id="index-1"></span><code class="xref std std-envvar docutils literal"><span class="pre">MAKE</span></code> is not set, then by default it uses
the number of CPU cores (as determined by the Python function
<code class="docutils literal"><span class="pre">multiprocessing.cpu_count()</span></code>) with a minimum of 2 and a maximum of 8.</p>
<p>In any case, this will test the Sage library with multiple threads:</p>
<div class="highlight-default"><div class="highlight"><pre><span></span>[jdemeyer@sage sage-6.0]$ make ptestlong
</pre></div>
</div>
<p>Any of the following commands would also doctest the Sage library or
one of its clones:</p>
<div class="highlight-default"><div class="highlight"><pre><span></span><span class="n">make</span> <span class="n">test</span>
<span class="n">make</span> <span class="n">check</span>
<span class="n">make</span> <span class="n">testlong</span>
<span class="n">make</span> <span class="n">ptest</span>
<span class="n">make</span> <span class="n">ptestlong</span>
</pre></div>
</div>
<p>The differences are:</p>
<ul>
<li><p class="first"><code class="docutils literal"><span class="pre">make</span> <span class="pre">test</span></code> and <code class="docutils literal"><span class="pre">make</span> <span class="pre">check</span></code> &#8212; These two commands run the same
set of tests. First the Sage standard documentation is tested,
i.e. the documentation that resides in</p>
<ul class="simple">
<li><code class="docutils literal"><span class="pre">SAGE_ROOT/src/doc/common</span></code></li>
<li><code class="docutils literal"><span class="pre">SAGE_ROOT/src/doc/en</span></code></li>
<li><code class="docutils literal"><span class="pre">SAGE_ROOT/src/doc/fr</span></code></li>
</ul>
<p>Finally, the commands doctest the Sage library. For more details on
these command, see the file <code class="docutils literal"><span class="pre">SAGE_ROOT/Makefile</span></code>.</p>
</li>
<li><p class="first"><code class="docutils literal"><span class="pre">make</span> <span class="pre">testlong</span></code> &#8212; This command doctests the standard
documentation:</p>
<ul class="simple">
<li><code class="docutils literal"><span class="pre">SAGE_ROOT/src/doc/common</span></code></li>
<li><code class="docutils literal"><span class="pre">SAGE_ROOT/src/doc/en</span></code></li>
<li><code class="docutils literal"><span class="pre">SAGE_ROOT/src/doc/fr</span></code></li>
</ul>
<p>and then the Sage library. Doctesting is run with the optional
argument <code class="docutils literal"><span class="pre">--long</span></code>. See the file <code class="docutils literal"><span class="pre">SAGE_ROOT/Makefile</span></code> for further
details.</p>
</li>
<li><p class="first"><code class="docutils literal"><span class="pre">make</span> <span class="pre">ptest</span></code> &#8212; Similar to the commands <code class="docutils literal"><span class="pre">make</span> <span class="pre">test</span></code> and <code class="docutils literal"><span class="pre">make</span>
<span class="pre">check</span></code>. However, doctesting is run with the number of threads as
described above for <code class="docutils literal"><span class="pre">make</span> <span class="pre">ptestlong</span></code>.</p>
</li>
<li><p class="first"><code class="docutils literal"><span class="pre">make</span> <span class="pre">ptestlong</span></code> &#8212; Similar to the command <code class="docutils literal"><span class="pre">make</span> <span class="pre">ptest</span></code>, but
using the optional argument <code class="docutils literal"><span class="pre">--long</span></code> for doctesting.</p>
</li>
</ul>
</div>
<div class="section" id="beyond-the-sage-library">
<h2>Beyond the Sage Library<a class="headerlink" href="#beyond-the-sage-library" title="Permalink to this headline">¶</a></h2>
<p>Doctesting also works fine for files not in the Sage library.  For
example, suppose we have a Python script called
<code class="docutils literal"><span class="pre">my_python_script.py</span></code>:</p>
<div class="highlight-default"><div class="highlight"><pre><span></span>[mvngu@sage build]$ cat my_python_script.py
from sage.all_cmdline import *   # import sage library

def square(n):
    &quot;&quot;&quot;
    Return the square of n.

    EXAMPLES::

        sage: square(2)
        4
    &quot;&quot;&quot;
    return n**2
</pre></div>
</div>
<p>Then we can doctest it just as with Sage library files:</p>
<div class="highlight-default"><div class="highlight"><pre><span></span>[mvngu@sage sage-6.0]$ ./sage -t my_python_script.py
Running doctests with ID 2012-07-07-00-17-56-d056f7c0.
Doctesting 1 file.
sage -t my_python_script.py
    [1 test, 0.0 s]
------------------------------------------------------------------------
All tests passed!
------------------------------------------------------------------------
Total time for all tests: 2.2 seconds
    cpu time: 0.0 seconds
    cumulative wall time: 0.0 seconds
</pre></div>
</div>
<p>Doctesting can also be performed on Sage scripts. Say we have a Sage
script called <code class="docutils literal"><span class="pre">my_sage_script.sage</span></code> with the following content:</p>
<div class="highlight-default"><div class="highlight"><pre><span></span>[mvngu@sage sage-6.0]$ cat my_sage_script.sage
def cube(n):
    r&quot;&quot;&quot;
    Return the cube of n.

    EXAMPLES::

        sage: cube(2)
        8
    &quot;&quot;&quot;
    return n**3
</pre></div>
</div>
<p>Then we can doctest it just as for Python files:</p>
<div class="highlight-default"><div class="highlight"><pre><span></span>[mvngu@sage build]$ sage-6.0/sage -t my_sage_script.sage
Running doctests with ID 2012-07-07-00-20-06-82ee728c.
Doctesting 1 file.
sage -t my_sage_script.sage
    [1 test, 0.0 s]
------------------------------------------------------------------------
All tests passed!
------------------------------------------------------------------------
Total time for all tests: 2.5 seconds
    cpu time: 0.0 seconds
    cumulative wall time: 0.0 seconds
</pre></div>
</div>
<p>Alternatively, we can preparse it to convert it to a Python script,
and then doctest that:</p>
<div class="highlight-default"><div class="highlight"><pre><span></span>[mvngu@sage build]$ sage-6.0/sage --preparse my_sage_script.sage
[mvngu@sage build]$ cat my_sage_script.sage.py
# This file was *autogenerated* from the file my_sage_script.sage.
from sage.all_cmdline import *   # import sage library
_sage_const_3 = Integer(3)
def cube(n):
    r&quot;&quot;&quot;
    Return the cube of n.

    EXAMPLES::

        sage: cube(2)
        8
    &quot;&quot;&quot;
    return n**_sage_const_3
[mvngu@sage build]$ sage-6.0/sage -t my_sage_script.sage.py
Running doctests with ID 2012-07-07-00-26-46-2bb00911.
Doctesting 1 file.
sage -t my_sage_script.sage.py
    [2 tests, 0.0 s]
------------------------------------------------------------------------
All tests passed!
------------------------------------------------------------------------
Total time for all tests: 2.3 seconds
    cpu time: 0.0 seconds
    cumulative wall time: 0.0 seconds
</pre></div>
</div>
</div>
<div class="section" id="doctesting-from-within-sage">
<h2>Doctesting from Within Sage<a class="headerlink" href="#doctesting-from-within-sage" title="Permalink to this headline">¶</a></h2>
<p>You can run doctests from within Sage, which can be useful since you
don&#8217;t have to wait for Sage to start.  Use the <code class="docutils literal"><span class="pre">run_doctests</span></code>
function in the global namespace, passing it either a string or a module:</p>
<div class="highlight-default"><div class="highlight"><pre><span></span><span class="gp">sage: </span><span class="n">run_doctests</span><span class="p">(</span><span class="n">sage</span><span class="o">.</span><span class="n">coding</span><span class="o">.</span><span class="n">sd_codes</span><span class="p">)</span>
<span class="go">Doctesting /Users/roed/sage/sage-5.3/src/sage/coding/sd_codes.py</span>
<span class="go">Running doctests with ID 2012-07-07-04-32-36-81f3853b.</span>
<span class="go">Doctesting 1 file.</span>
<span class="go">sage -t /Users/roed/sage/sage-5.3/src/sage/coding/sd_codes.py</span>
<span class="go">    [18 tests, 0.3 s]</span>
<span class="go">------------------------------------------------------------------------</span>
<span class="go">All tests passed!</span>
<span class="go">------------------------------------------------------------------------</span>
<span class="go">Total time for all tests: 0.4 seconds</span>
<span class="go">    cpu time: 0.2 seconds</span>
<span class="go">    cumulative wall time: 0.3 seconds</span>
</pre></div>
</div>
</div>
<div class="section" id="optional-arguments">
<span id="section-options"></span><h2>Optional Arguments<a class="headerlink" href="#optional-arguments" title="Permalink to this headline">¶</a></h2>
<div class="section" id="run-long-tests">
<h3>Run Long Tests<a class="headerlink" href="#run-long-tests" title="Permalink to this headline">¶</a></h3>
<p>Ideally, doctests should not take any noticeable amount of time. If
you really need longer-running doctests (anything beyond about one
second) then you should mark them as:</p>
<div class="highlight-default"><div class="highlight"><pre><span></span><span class="gp">sage: </span><span class="n">my_long_test</span><span class="p">()</span>  <span class="c1"># long time</span>
</pre></div>
</div>
<p>Even then, long doctests should ideally complete in 5 seconds or
less. We know that you (the author) want to show off the capabilities
of your code, but this is not the place to do so. Long-running tests
will sooner or later hurt our ability to run the testsuite. Really,
doctests should be as fast as possible while providing coverage for
the code.</p>
<p>Use the <code class="docutils literal"><span class="pre">--long</span></code> flag to run doctests that have been marked with the
comment <code class="docutils literal"><span class="pre">#</span> <span class="pre">long</span> <span class="pre">time</span></code>. These tests are normally skipped in order to
reduce the time spent running tests:</p>
<div class="highlight-default"><div class="highlight"><pre><span></span>[roed@sage sage-6.0]$ sage -t src/sage/rings/tests.py
Running doctests with ID 2012-06-21-16-00-13-40835825.
Doctesting 1 file.
sage -t tests.py
    [18 tests, 1.1 s]
------------------------------------------------------------------------
All tests passed!
------------------------------------------------------------------------
Total time for all tests: 2.9 seconds
    cpu time: 0.9 seconds
    cumulative wall time: 1.1 seconds
</pre></div>
</div>
<p>In order to run the long tests as well, do the following:</p>
<div class="highlight-default"><div class="highlight"><pre><span></span>[roed@sage sage-6.0]$ sage -t --long src/sage/rings/tests.py
Running doctests with ID 2012-06-21-16-02-05-d13a9a24.
Doctesting 1 file.
sage -t tests.py
    [20 tests, 34.7 s]
------------------------------------------------------------------------
All tests passed!
------------------------------------------------------------------------
Total time for all tests: 46.5 seconds
    cpu time: 25.2 seconds
    cumulative wall time: 34.7 seconds
</pre></div>
</div>
<p>To find tests that take longer than the allowed time use the
<code class="docutils literal"><span class="pre">--warn-long</span></code> flag.  Without any options it will cause tests to
print a warning if they take longer than 1.0 second. Note that this is
a warning, not an error:</p>
<div class="highlight-default"><div class="highlight"><pre><span></span>[roed@sage sage-6.0]$ sage -t --warn-long src/sage/rings/factorint.pyx
Running doctests with ID 2012-07-14-03-27-03-2c952ac1.
Doctesting 1 file.
sage -t --warn-long src/sage/rings/factorint.pyx
**********************************************************************
File &quot;src/sage/rings/factorint.pyx&quot;, line 125, in sage.rings.factorint.base_exponent
Failed example:
    base_exponent(-4)
Test ran for 4.09 s
**********************************************************************
File &quot;src/sage/rings/factorint.pyx&quot;, line 153, in sage.rings.factorint.factor_aurifeuillian
Failed example:
    fa(2^6+1)
Test ran for 2.22 s
**********************************************************************
File &quot;src/sage/rings/factorint.pyx&quot;, line 155, in sage.rings.factorint.factor_aurifeuillian
Failed example:
    fa(2^58+1)
Test ran for 2.22 s
**********************************************************************
File &quot;src/sage/rings/factorint.pyx&quot;, line 163, in sage.rings.factorint.factor_aurifeuillian
Failed example:
    fa(2^4+1)
Test ran for 2.25 s
**********************************************************************
----------------------------------------------------------------------
All tests passed!
----------------------------------------------------------------------
Total time for all tests: 16.1 seconds
    cpu time: 9.7 seconds
    cumulative wall time: 10.9 seconds
</pre></div>
</div>
<p>You can also pass in an explicit amount of time:</p>
<div class="highlight-default"><div class="highlight"><pre><span></span>[roed@sage sage-6.0]$ sage -t --long --warn-long 2.0 src/sage/rings/tests.py
Running doctests with ID 2012-07-14-03-30-13-c9164c9d.
Doctesting 1 file.
sage -t --long --warn-long 2.0 tests.py
**********************************************************************
File &quot;tests.py&quot;, line 240, in sage.rings.tests.test_random_elements
Failed example:
    sage.rings.tests.test_random_elements(trials=1000)  # long time (5 seconds)
Test ran for 13.36 s
**********************************************************************
File &quot;tests.py&quot;, line 283, in sage.rings.tests.test_random_arith
Failed example:
    sage.rings.tests.test_random_arith(trials=1000)   # long time (5 seconds?)
Test ran for 12.42 s
**********************************************************************
----------------------------------------------------------------------
All tests passed!
----------------------------------------------------------------------
Total time for all tests: 27.6 seconds
    cpu time: 24.8 seconds
    cumulative wall time: 26.3 seconds
</pre></div>
</div>
<p>Finally, you can disable any warnings about long tests with
<code class="docutils literal"><span class="pre">--warn-long</span> <span class="pre">0</span></code>.</p>
</div>
<div class="section" id="run-optional-tests">
<span id="section-optional-doctest-flag"></span><h3>Run Optional Tests<a class="headerlink" href="#run-optional-tests" title="Permalink to this headline">¶</a></h3>
<p>You can run tests that require optional packages by using the
<code class="docutils literal"><span class="pre">--optional</span></code> flag.  Obviously, you need to have installed the
necessary optional packages in order for these tests to succeed.  See
<a class="reference external" href="http://www.sagemath.org/packages/optional/">http://www.sagemath.org/packages/optional/</a> in order to download
optional packages.</p>
<p>By default, Sage only runs doctests that are not marked with the <code class="docutils literal"><span class="pre">optional</span></code> tag.  This is equivalent to running</p>
<div class="highlight-default"><div class="highlight"><pre><span></span>[roed@sage sage-6.0]$ sage -t --optional=sage src/sage/rings/real_mpfr.pyx
Running doctests with ID 2012-06-21-16-18-30-a368a200.
Doctesting 1 file.
sage -t src/sage/rings/real_mpfr.pyx
    [819 tests, 7.0 s]
------------------------------------------------------------------------
All tests passed!
------------------------------------------------------------------------
Total time for all tests: 8.4 seconds
    cpu time: 4.1 seconds
    cumulative wall time: 7.0 seconds
</pre></div>
</div>
<p>If you want to also run tests that require magma, you can do the following:</p>
<div class="highlight-default"><div class="highlight"><pre><span></span>[roed@sage sage-6.0]$ sage -t --optional=sage,magma src/sage/rings/real_mpfr.pyx
Running doctests with ID 2012-06-21-16-18-30-a00a7319
Doctesting 1 file.
sage -t src/sage/rings/real_mpfr.pyx
    [823 tests, 8.4 s]
------------------------------------------------------------------------
All tests passed!
------------------------------------------------------------------------
Total time for all tests: 9.6 seconds
    cpu time: 4.0 seconds
    cumulative wall time: 8.4 seconds
</pre></div>
</div>
<p>In order to just run the tests that are marked as requiring magma, omit <code class="docutils literal"><span class="pre">sage</span></code>:</p>
<div class="highlight-default"><div class="highlight"><pre><span></span>[roed@sage sage-6.0]$ sage -t --optional=magma src/sage/rings/real_mpfr.pyx
Running doctests with ID 2012-06-21-16-18-33-a2bc1fdf
Doctesting 1 file.
sage -t src/sage/rings/real_mpfr.pyx
    [4 tests, 2.0 s]
------------------------------------------------------------------------
All tests passed!
------------------------------------------------------------------------
Total time for all tests: 3.2 seconds
    cpu time: 0.1 seconds
    cumulative wall time: 2.0 seconds
</pre></div>
</div>
<p>If you want Sage to detect external software or other capabilities
(such as magma, latex, internet) automatically and run all of the
relevant tests, then add <code class="docutils literal"><span class="pre">external</span></code>:</p>
<div class="highlight-default"><div class="highlight"><pre><span></span>$ sage -t --optional=external src/sage/rings/real_mpfr.pyx
Running doctests with ID 2016-03-16-14-10-21-af2ebb67.
Using --optional=external
External software to be detected: cplex,gurobi,internet,latex,macaulay2,magma,maple,mathematica,matlab,octave,scilab
Doctesting 1 file.
sage -t --warn-long 28.0 src/sage/rings/real_mpfr.pyx
    [5 tests, 0.04 s]
----------------------------------------------------------------------
All tests passed!
----------------------------------------------------------------------
Total time for all tests: 0.5 seconds
    cpu time: 0.0 seconds
    cumulative wall time: 0.0 seconds
External software detected for doctesting: magma
</pre></div>
</div>
<p>To run all tests, regardless of whether they are marked optional, pass <code class="docutils literal"><span class="pre">all</span></code> as the <code class="docutils literal"><span class="pre">optional</span></code> tag:</p>
<div class="highlight-default"><div class="highlight"><pre><span></span>[roed@sage sage-6.0]$ sage -t --optional=all src/sage/rings/real_mpfr.pyx
Running doctests with ID 2012-06-21-16-31-18-8c097f55
Doctesting 1 file.
sage -t src/sage/rings/real_mpfr.pyx
    [865 tests, 11.2 s]
------------------------------------------------------------------------
All tests passed!
------------------------------------------------------------------------
Total time for all tests: 12.8 seconds
    cpu time: 4.7 seconds
    cumulative wall time: 11.2 seconds
</pre></div>
</div>
</div>
<div class="section" id="running-tests-in-parallel">
<h3>Running Tests in Parallel<a class="headerlink" href="#running-tests-in-parallel" title="Permalink to this headline">¶</a></h3>
<p>If you&#8217;re testing many files, you can get big speedups by using more
than one thread.  To run doctests in parallel use the <code class="docutils literal"><span class="pre">--nthreads</span></code>
flag (<code class="docutils literal"><span class="pre">-p</span></code> is a shortened version).  Pass in the number of threads
you would like to use (by default Sage just uses 1):</p>
<div class="highlight-default"><div class="highlight"><pre><span></span>[roed@sage sage-6.0]$ sage -tp 2 src/sage/doctest/
Running doctests with ID 2012-06-22-19-09-25-a3afdb8c.
Sorting sources by runtime so that slower doctests are run first....
Doctesting 8 files using 2 threads.
sage -t src/sage/doctest/control.py
    [114 tests, 4.6 s]
sage -t src/sage/doctest/util.py
    [114 tests, 0.6 s]
sage -t src/sage/doctest/parsing.py
    [187 tests, 0.5 s]
sage -t src/sage/doctest/sources.py
    [128 tests, 0.1 s]
sage -t src/sage/doctest/reporting.py
    [53 tests, 0.1 s]
sage -t src/sage/doctest/all.py
    [0 tests, 0.0 s]
sage -t src/sage/doctest/__init__.py
    [0 tests, 0.0 s]
sage -t src/sage/doctest/forker.py
    [322 tests, 15.5 s]
------------------------------------------------------------------------
All tests passed!
------------------------------------------------------------------------
Total time for all tests: 17.0 seconds
    cpu time: 4.2 seconds
    cumulative wall time: 21.5 seconds
</pre></div>
</div>
</div>
<div class="section" id="doctesting-all-of-sage">
<h3>Doctesting All of Sage<a class="headerlink" href="#doctesting-all-of-sage" title="Permalink to this headline">¶</a></h3>
<p>To doctest the whole Sage library use the <code class="docutils literal"><span class="pre">--all</span></code> flag (<code class="docutils literal"><span class="pre">-a</span></code> for
short).  In addition to testing the code in Sage&#8217;s Python and Cython
files, this command will run the tests defined in Sage&#8217;s documentation
as well as testing the Sage notebook:</p>
<div class="highlight-default"><div class="highlight"><pre><span></span>[roed@sage sage-6.0]$ sage -t -a
Running doctests with ID 2012-06-22-19-10-27-e26fce6d.
Doctesting entire Sage library.
Sorting sources by runtime so that slower doctests are run first....
Doctesting 2020 files.
sage -t /Users/roed/sage/sage-5.3/src/sage/plot/plot.py
    [304 tests, 69.0 s]
...
</pre></div>
</div>
<p>If you want to just run the notebook tests, use the <code class="docutils literal"><span class="pre">--sagenb</span></code> flag instead.</p>
</div>
<div class="section" id="debugging-tools">
<h3>Debugging Tools<a class="headerlink" href="#debugging-tools" title="Permalink to this headline">¶</a></h3>
<p>Sometimes doctests fail (that&#8217;s why we run them after all).  There are
various flags to help when something goes wrong.  If a doctest
produces a Python error, then normally tests continue after reporting
that an error occurred.  If you use the flag <code class="docutils literal"><span class="pre">--debug</span></code> (<code class="docutils literal"><span class="pre">-d</span></code> for
short) then you will drop into an interactive Python debugger whenever
a Python exception occurs.  As an example, I modified
<a class="reference external" href="../reference/curves/sage/schemes/elliptic_curves/constructor.html#module-sage.schemes.elliptic_curves.constructor" title="(in Sage Reference Manual: Plane curves v7.3)"><code class="xref py py-mod docutils literal"><span class="pre">sage.schemes.elliptic_curves.constructor</span></code></a> to produce an error:</p>
<div class="highlight-default"><div class="highlight"><pre><span></span>[roed@sage sage-6.0]$ sage -t --debug src/sage/schemes/elliptic_curves/constructor.py
Running doctests with ID 2012-06-23-12-09-04-b6352629.
Doctesting 1 file.
**********************************************************************
File &quot;sage.schemes.elliptic_curves.constructor&quot;, line 4, in sage.schemes.elliptic_curves.constructor
Failed example:
    EllipticCurve([0,0])
Exception raised:
    Traceback (most recent call last):
      File &quot;/Users/roed/sage/sage-5.3/local/lib/python2.7/site-packages/sage/doctest/forker.py&quot;, line 573, in _run
        self.execute(example, compiled, test.globs)
      File &quot;/Users/roed/sage/sage-5.3/local/lib/python2.7/site-packages/sage/doctest/forker.py&quot;, line 835, in execute
        exec compiled in globs
      File &quot;&lt;doctest sage.schemes.elliptic_curves.constructor[0]&gt;&quot;, line 1, in &lt;module&gt;
        EllipticCurve([Integer(0),Integer(0)])
      File &quot;/Users/roed/sage/sage-5.3/local/lib/python2.7/site-packages/sage/schemes/elliptic_curves/constructor.py&quot;, line 346, in EllipticCurve
        return ell_rational_field.EllipticCurve_rational_field(x, y)
      File &quot;/Users/roed/sage/sage-5.3/local/lib/python2.7/site-packages/sage/schemes/elliptic_curves/ell_rational_field.py&quot;, line 216, in __init__
        EllipticCurve_number_field.__init__(self, Q, ainvs)
      File &quot;/Users/roed/sage/sage-5.3/local/lib/python2.7/site-packages/sage/schemes/elliptic_curves/ell_number_field.py&quot;, line 159, in __init__
        EllipticCurve_field.__init__(self, [field(x) for x in ainvs])
      File &quot;/Users/roed/sage/sage-5.3/local/lib/python2.7/site-packages/sage/schemes/elliptic_curves/ell_generic.py&quot;, line 156, in __init__
        &quot;Invariants %s define a singular curve.&quot;%ainvs
    ArithmeticError: Invariants [0, 0, 0, 0, 0] define a singular curve.
&gt; /Users/roed/sage/sage-5.3/local/lib/python2.7/site-packages/sage/schemes/elliptic_curves/ell_generic.py(156)__init__()
-&gt; &quot;Invariants %s define a singular curve.&quot;%ainvs
(Pdb) l
151                 if len(ainvs) == 2:
152                     ainvs = [K(0),K(0),K(0)] + ainvs
153                 self.__ainvs = tuple(ainvs)
154                 if self.discriminant() == 0:
155                     raise ArithmeticError, \
156  -&gt;                       &quot;Invariants %s define a singular curve.&quot;%ainvs
157                 PP = projective_space.ProjectiveSpace(2, K, names=&#39;xyz&#39;);
158                 x, y, z = PP.coordinate_ring().gens()
159                 a1, a2, a3, a4, a6 = ainvs
160                 f = y**2*z + (a1*x + a3*z)*y*z \
161                     - (x**3 + a2*x**2*z + a4*x*z**2 + a6*z**3)
(Pdb) p ainvs
[0, 0, 0, 0, 0]
(Pdb) quit
**********************************************************************
1 items had failures:
   1 of   1 in sage.schemes.elliptic_curves.constructor
***Test Failed*** 1 failures.
sage -t src/sage/schemes/elliptic_curves/constructor.py
    [64 tests, 89.2 s]
------------------------------------------------------------------------
sage -t src/sage/schemes/elliptic_curves/constructor.py # 1 doctest failed
------------------------------------------------------------------------
Total time for all tests: 90.4 seconds
    cpu time: 4.5 seconds
    cumulative wall time: 89.2 seconds
</pre></div>
</div>
<p>Sometimes an error might be so severe that it causes Sage to segfault
or hang.  In such a situation you have a number of options.  The
doctest framework will print out the output so far, so that at least
you know what test caused the problem (if you want this output to
appear in real time use the <code class="docutils literal"><span class="pre">--verbose</span></code> flag).  To have doctests run
under the control of gdb, use the <code class="docutils literal"><span class="pre">--gdb</span></code> flag:</p>
<div class="highlight-default"><div class="highlight"><pre><span></span>[roed@sage sage-6.0]$ sage -t --gdb src/sage/schemes/elliptic_curves/constructor.py
gdb -x /home/roed/sage-6.0.b5/local/bin/sage-gdb-commands --args python /home/roed/sage-6.0.b5/local/bin/sage-runtests --serial --nthreads 1 --timeout 1048576 --optional sage --stats_path /home/roed/.sage/timings2.json src/sage/schemes/elliptic_curves/constructor.py
GNU gdb 6.8-debian
Copyright (C) 2008 Free Software Foundation, Inc.
License GPLv3+: GNU GPL version 3 or later &lt;http://gnu.org/licenses/gpl.html&gt;
This is free software: you are free to change and redistribute it.
There is NO WARRANTY, to the extent permitted by law.  Type &quot;show copying&quot;
and &quot;show warranty&quot; for details.
This GDB was configured as &quot;x86_64-linux-gnu&quot;...
[Thread debugging using libthread_db enabled]
[New Thread 0x7f10f85566e0 (LWP 6534)]
Running doctests with ID 2012-07-07-00-43-36-b1b735e7.
Doctesting 1 file.
sage -t src/sage/schemes/elliptic_curves/constructor.py
    [67 tests, 5.8 s]
------------------------------------------------------------------------
All tests passed!
------------------------------------------------------------------------
Total time for all tests: 15.7 seconds
    cpu time: 4.4 seconds
    cumulative wall time: 5.8 seconds

Program exited normally.
(gdb) quit
</pre></div>
</div>
<p>Sage also includes valgrind, and you can run doctests under various
valgrind tools to track down memory issues: the relevant flags are
<code class="docutils literal"><span class="pre">--valgrind</span></code> (or <code class="docutils literal"><span class="pre">--memcheck</span></code>), <code class="docutils literal"><span class="pre">--massif</span></code>, <code class="docutils literal"><span class="pre">--cachegrind</span></code> and
<code class="docutils literal"><span class="pre">--omega</span></code>.  See <a class="reference external" href="http://wiki.sagemath.org/ValgrindingSage">http://wiki.sagemath.org/ValgrindingSage</a> for more details.</p>
<p>Once you&#8217;re done fixing whatever problems where revealed by the
doctests, you can rerun just those files that failed their most recent
test by using the <code class="docutils literal"><span class="pre">--failed</span></code> flag (<code class="docutils literal"><span class="pre">-f</span></code> for short):</p>
<div class="highlight-default"><div class="highlight"><pre><span></span>[roed@sage sage-6.0]$ sage -t -fa
Running doctests with ID 2012-07-07-00-45-35-d8b5a408.
Doctesting entire Sage library.
Only doctesting files that failed last test.
No files to doctest
</pre></div>
</div>
</div>
<div class="section" id="miscellaneous-options">
<h3>Miscellaneous Options<a class="headerlink" href="#miscellaneous-options" title="Permalink to this headline">¶</a></h3>
<p>There are various other options that change the behavior of Sage&#8217;s
doctesting code.</p>
<div class="section" id="show-only-first-failure">
<h4>Show only first failure<a class="headerlink" href="#show-only-first-failure" title="Permalink to this headline">¶</a></h4>
<p>The first failure in a file often causes a cascade of others, as
NameErrors arise from variables that weren&#8217;t defined and tests fail
because old values of variables are used.  To only see the first
failure in each doctest block use the <code class="docutils literal"><span class="pre">--initial</span></code> flag (<code class="docutils literal"><span class="pre">-i</span></code> for
short).</p>
</div>
<div class="section" id="show-skipped-optional-tests">
<h4>Show skipped optional tests<a class="headerlink" href="#show-skipped-optional-tests" title="Permalink to this headline">¶</a></h4>
<p>To print a summary at the end of each file with the number of optional
tests skipped, use the <code class="docutils literal"><span class="pre">--show-skipped</span></code> flag:</p>
<div class="highlight-default"><div class="highlight"><pre><span></span>[roed@sage sage-6.0]$ sage -t --show-skipped src/sage/rings/finite_rings/integer_mod.pyx
Running doctests with ID 2013-03-14-15-32-05-8136f5e3.
Doctesting 1 file.
sage -t sage/rings/finite_rings/integer_mod.pyx
    2 axiom tests not run
    1 cunningham test not run
    2 fricas tests not run
    1 long test not run
    3 magma tests not run
    [440 tests, 4.0 s]
----------------------------------------------------------------------
All tests passed!
----------------------------------------------------------------------
Total time for all tests: 4.3 seconds
    cpu time: 2.4 seconds
    cumulative wall time: 4.0 seconds
</pre></div>
</div>
</div>
<div class="section" id="running-tests-with-iterations">
<h4>Running tests with iterations<a class="headerlink" href="#running-tests-with-iterations" title="Permalink to this headline">¶</a></h4>
<p>Sometimes tests fail intermittently.  There are two options that allow
you to run tests repeatedly in an attempt to search for Heisenbugs.
The flag <code class="docutils literal"><span class="pre">--global-iterations</span></code> takes an integer and runs the whole
set of tests that many times serially:</p>
<div class="highlight-default"><div class="highlight"><pre><span></span>[roed@sage sage-6.0]$ sage -t --global-iterations 2 src/sage/sandpiles
Running doctests with ID 2012-07-07-00-59-28-e7048ad9.
Doctesting 3 files (2 global iterations).
sage -t src/sage/sandpiles/__init__.py
    [0 tests, 0.0 s]
sage -t src/sage/sandpiles/all.py
    [0 tests, 0.0 s]
sage -t src/sage/sandpiles/sandpile.py
    [711 tests, 14.7 s]
------------------------------------------------------------------------
All tests passed!
------------------------------------------------------------------------
Total time for all tests: 17.6 seconds
    cpu time: 13.2 seconds
    cumulative wall time: 14.7 seconds
sage -t src/sage/sandpiles/__init__.py
    [0 tests, 0.0 s]
sage -t src/sage/sandpiles/all.py
    [0 tests, 0.0 s]
sage -t src/sage/sandpiles/sandpile.py
    [711 tests, 13.8 s]
------------------------------------------------------------------------
All tests passed!
------------------------------------------------------------------------
Total time for all tests: 14.3 seconds
    cpu time: 26.4 seconds
    cumulative wall time: 28.5 seconds
</pre></div>
</div>
<p>You can also iterate in a different order: the <code class="docutils literal"><span class="pre">--file-iterations</span></code>
flag runs the tests in each file <code class="docutils literal"><span class="pre">N</span></code> times before proceeding:</p>
<div class="highlight-default"><div class="highlight"><pre><span></span>[roed@sage sage-6.0]$ sage -t --file-iterations 2 src/sage/sandpiles
Running doctests with ID 2012-07-07-01-01-43-8f954206.
Doctesting 3 files (2 file iterations).
sage -t src/sage/sandpiles/__init__.py
    [0 tests, 0.0 s]
sage -t src/sage/sandpiles/all.py
    [0 tests, 0.0 s]
sage -t src/sage/sandpiles/sandpile.py
    [1422 tests, 13.3 s]
------------------------------------------------------------------------
All tests passed!
------------------------------------------------------------------------
Total time for all tests: 29.6 seconds
    cpu time: 12.7 seconds
    cumulative wall time: 13.3 seconds
</pre></div>
</div>
<p>Note that the reported results are the average time for all tests in
that file to finish.  If a failure in a file occurs, then the failure
is reported and testing proceeds with the next file.</p>
</div>
<div class="section" id="using-a-different-timeout">
<h4>Using a different timeout<a class="headerlink" href="#using-a-different-timeout" title="Permalink to this headline">¶</a></h4>
<p>On a slow machine the default timeout of 5 minutes may not be enough
for the slowest files.  Use the <code class="docutils literal"><span class="pre">--timeout</span></code> flag (<code class="docutils literal"><span class="pre">-T</span></code> for short)
to set it to something else:</p>
<div class="highlight-default"><div class="highlight"><pre><span></span>[roed@sage sage-6.0]$ sage -tp 2 --all --timeout 1
Running doctests with ID 2012-07-07-01-09-37-deb1ab83.
Doctesting entire Sage library.
Sorting sources by runtime so that slower doctests are run first....
Doctesting 2067 files using 2 threads.
sage -t src/sage/schemes/elliptic_curves/ell_rational_field.py
    Timed out!
...
</pre></div>
</div>
</div>
<div class="section" id="using-absolute-paths">
<h4>Using absolute paths<a class="headerlink" href="#using-absolute-paths" title="Permalink to this headline">¶</a></h4>
<p>By default filenames are printed using relative paths.  To use
absolute paths instead pass in the <code class="docutils literal"><span class="pre">--abspath</span></code> flag:</p>
<div class="highlight-default"><div class="highlight"><pre><span></span>[roed@sage sage-6.0]$ sage -t --abspath src/sage/doctest/control.py
Running doctests with ID 2012-07-07-01-13-03-a023e212.
Doctesting 1 file.
sage -t /home/roed/sage-6.0/src/sage/doctest/control.py
    [133 tests, 4.7 s]
------------------------------------------------------------------------
All tests passed!
------------------------------------------------------------------------
Total time for all tests: 7.1 seconds
    cpu time: 0.2 seconds
    cumulative wall time: 4.7 seconds
</pre></div>
</div>
</div>
<div class="section" id="testing-changed-files">
<h4>Testing changed files<a class="headerlink" href="#testing-changed-files" title="Permalink to this headline">¶</a></h4>
<p>If you are working on some files in the Sage library it can be
convenient to test only the files that have changed.  To do so use the
<code class="docutils literal"><span class="pre">--new</span></code> flag, which tests files that have been modified or added
since the last commit:</p>
<div class="highlight-default"><div class="highlight"><pre><span></span>[roed@sage sage-6.0]$ sage -t --new
Running doctests with ID 2012-07-07-01-15-52-645620ee.
Doctesting files changed since last git commit.
Doctesting 1 file.
sage -t src/sage/doctest/control.py
    [133 tests, 3.7 s]
------------------------------------------------------------------------
All tests passed!
------------------------------------------------------------------------
Total time for all tests: 3.8 seconds
    cpu time: 0.1 seconds
    cumulative wall time: 3.7 seconds
</pre></div>
</div>
</div>
<div class="section" id="running-tests-in-a-random-order">
<h4>Running tests in a random order<a class="headerlink" href="#running-tests-in-a-random-order" title="Permalink to this headline">¶</a></h4>
<p>By default, tests are run in the order in which they appear in the
file.  To run tests in a random order (which can reveal subtle bugs),
use the <code class="docutils literal"><span class="pre">--randorder</span></code> flag and pass in a random seed:</p>
<div class="highlight-default"><div class="highlight"><pre><span></span>[roed@sage sage-6.0]$ sage -t --new --randorder 127
Running doctests with ID 2012-07-07-01-19-06-97c8484e.
Doctesting files changed since last git commit.
Doctesting 1 file.
sage -t src/sage/doctest/control.py
    [133 tests, 3.6 s]
------------------------------------------------------------------------
All tests passed!
------------------------------------------------------------------------
Total time for all tests: 3.7 seconds
    cpu time: 0.2 seconds
    cumulative wall time: 3.6 seconds
</pre></div>
</div>
<p>Note that even with this option, the tests within a given doctest block are still run in order.</p>
</div>
<div class="section" id="testing-external-files">
<h4>Testing external files<a class="headerlink" href="#testing-external-files" title="Permalink to this headline">¶</a></h4>
<p>When testing a file that&#8217;s not part of the Sage library, the testing
code loads the globals from that file into the namespace before
running tests.  To model the behavior used on the Sage library instead
(where imports must be explicitly specified), use the <code class="docutils literal"><span class="pre">--force-lib</span></code>
flag.</p>
</div>
<div class="section" id="auxilliary-files">
<h4>Auxilliary files<a class="headerlink" href="#auxilliary-files" title="Permalink to this headline">¶</a></h4>
<p>To specify a logfile (rather than use the default which is created for
<code class="docutils literal"><span class="pre">sage</span> <span class="pre">-t</span> <span class="pre">--all</span></code>), use the <code class="docutils literal"><span class="pre">--logfile</span></code> flag:</p>
<div class="highlight-default"><div class="highlight"><pre><span></span>[roed@sage sage-6.0]$ sage -t --logfile test1.log src/sage/doctest/control.py
Running doctests with ID 2012-07-07-01-25-49-e7c0e52d.
Doctesting 1 file.
sage -t src/sage/doctest/control.py
    [133 tests, 4.3 s]
------------------------------------------------------------------------
All tests passed!
------------------------------------------------------------------------
Total time for all tests: 6.7 seconds
    cpu time: 0.1 seconds
    cumulative wall time: 4.3 seconds
[roed@sage sage-6.0]$ cat test1.log
Running doctests with ID 2012-07-07-01-25-49-e7c0e52d.
Doctesting 1 file.
sage -t src/sage/doctest/control.py
    [133 tests, 4.3 s]
------------------------------------------------------------------------
All tests passed!
------------------------------------------------------------------------
Total time for all tests: 6.7 seconds
    cpu time: 0.1 seconds
    cumulative wall time: 4.3 seconds
</pre></div>
</div>
<p>To give a json file storing the timings for each file, use the
<code class="docutils literal"><span class="pre">--stats_path</span></code> flag.  These statistics are used in sorting files so
that slower tests are run first (and thus multiple processes are
utilized most efficiently):</p>
<div class="highlight-default"><div class="highlight"><pre><span></span>[roed@sage sage-6.0]$ sage -tp 2 --stats-path ~/.sage/timings2.json --all
Running doctests with ID 2012-07-07-01-28-34-2df4251d.
Doctesting entire Sage library.
Sorting sources by runtime so that slower doctests are run first....
Doctesting 2067 files using 2 threads.
...
</pre></div>
</div>
</div>
</div>
</div>
</div>


          </div>
        </div>
      </div>
      <div class="sphinxsidebar" role="navigation" aria-label="main navigation">
        <div class="sphinxsidebarwrapper">
            <h3><a href="index.html">Table Of Contents</a></h3>
            <ul>
<li><a class="reference internal" href="#">Running Sage&#8217;s doctests</a><ul>
<li><a class="reference internal" href="#testing-a-module">Testing a Module</a></li>
<li><a class="reference internal" href="#troubleshooting">Troubleshooting</a></li>
<li><a class="reference internal" href="#parallel-testing-many-modules">Parallel Testing Many Modules</a></li>
<li><a class="reference internal" href="#parallel-testing-the-whole-sage-library">Parallel Testing the Whole Sage Library</a></li>
<li><a class="reference internal" href="#beyond-the-sage-library">Beyond the Sage Library</a></li>
<li><a class="reference internal" href="#doctesting-from-within-sage">Doctesting from Within Sage</a></li>
<li><a class="reference internal" href="#optional-arguments">Optional Arguments</a><ul>
<li><a class="reference internal" href="#run-long-tests">Run Long Tests</a></li>
<li><a class="reference internal" href="#run-optional-tests">Run Optional Tests</a></li>
<li><a class="reference internal" href="#running-tests-in-parallel">Running Tests in Parallel</a></li>
<li><a class="reference internal" href="#doctesting-all-of-sage">Doctesting All of Sage</a></li>
<li><a class="reference internal" href="#debugging-tools">Debugging Tools</a></li>
<li><a class="reference internal" href="#miscellaneous-options">Miscellaneous Options</a><ul>
<li><a class="reference internal" href="#show-only-first-failure">Show only first failure</a></li>
<li><a class="reference internal" href="#show-skipped-optional-tests">Show skipped optional tests</a></li>
<li><a class="reference internal" href="#running-tests-with-iterations">Running tests with iterations</a></li>
<li><a class="reference internal" href="#using-a-different-timeout">Using a different timeout</a></li>
<li><a class="reference internal" href="#using-absolute-paths">Using absolute paths</a></li>
<li><a class="reference internal" href="#testing-changed-files">Testing changed files</a></li>
<li><a class="reference internal" href="#running-tests-in-a-random-order">Running tests in a random order</a></li>
<li><a class="reference internal" href="#testing-external-files">Testing external files</a></li>
<li><a class="reference internal" href="#auxilliary-files">Auxilliary files</a></li>
</ul>
</li>
</ul>
</li>
</ul>
</li>
</ul>

            <h4>Previous topic</h4>
            <p class="topless"><a href="reviewer_checklist.html"
                                  title="previous chapter">The reviewer&#8217;s check list</a></p>
            <h4>Next topic</h4>
            <p class="topless"><a href="sage_manuals.html"
                                  title="next chapter">The Sage Manuals</a></p>
            <h3>This Page</h3>
            <ul class="this-page-menu">
              <li><a href="_sources/doctesting.txt"
                     rel="nofollow">Show Source</a></li>
            </ul>
          <div id="searchbox" style="display: none">
            <h3>Quick search</h3>
              <form class="search" action="search.html" method="get">
                <input type="text" name="q" size="18" />
                <!-- The shading of the "Go" button should be consistent -->
                <!-- with the colour of the header and footer. See the file -->
                <!-- doc/common/themes/sage/theme.conf for colours used by -->
                <!-- the Sage theme. -->
                <input type="submit" style="background-color: #B8B9F6" value="Go" />
                <input type="hidden" name="check_keywords" value="yes" />
                <input type="hidden" name="area" value="default" />
              </form>
              <p class="searchtip" style="font-size: 90%">
              Enter search terms or a module, class or function name.
              </p>
          </div>
          <script type="text/javascript">$('#searchbox').show(0);</script>
        </div>
      </div>
      <div class="clearer"></div>
    </div>
    <div class="related" role="navigation" aria-label="related navigation">
      <h3>Navigation</h3>
      <ul>
        <li class="right" style="margin-right: 10px">
          <a href="genindex.html" title="General Index"
             >index</a></li>
        <li class="right" >
          <a href="py-modindex.html" title="Python Module Index"
             >modules</a> |</li>
        <li class="right" >
          <a href="sage_manuals.html" title="The Sage Manuals"
             >next</a> |</li>
        <li class="right" >
          <a href="reviewer_checklist.html" title="The reviewer’s check list"
             >previous</a> |</li>
  
    
      <a href="../index.html"><img src="_static/sagelogo.png" style="vertical-align: middle" title="Sage Logo"></a>
    
  
  
        <li class="nav-item nav-item-0"><a href="index.html">Developer&#39;s Guide v7.3</a> &raquo;</li>
 
      </ul>
    </div>
    
    <div class="footer" role="contentinfo">
        &copy; Copyright 2005--2016, The Sage Development Team.
      Created using <a href="http://sphinx-doc.org/">Sphinx</a> 1.4.4.
    </div>
    <script type="text/javascript">
/*global jQuery, window */
/* Sphinx sidebar toggle.  Putting this code at the end of the body
 * enables the toggle for the live, static, and offline docs.  Note:
 * sage.misc.html.math_parse() eats jQuery's dollar-sign shortcut. */
var jq = jQuery;
jq(document).ready(function () {
    var bar, bod, bg, fg, key, tog, wid_old, wid_new, resize, get_state, set_state;
    bod = jq('div.bodywrapper');
    bar = jq('div.sphinxsidebar');
    tog = jq('<div class="sphinxsidebartoggle"></div>');

    /* Delayed resize helper.  Not perfect but good enough. */
    resize = function () {
        setTimeout(function () {
            tog.height(bod.height());
        }, 100);
    };
    jq(window).resize(function () {
        resize();
    });

    /* Setup and add the toggle. See Sphinx v0.5.1 default.css. */
    fg = jq('div.sphinxsidebar p a').css('color') || 'rgb(152, 219, 204)';
    bg = jq('div.document').css('background-color') || 'rgb(28, 78, 99)';
    wid_old = '230px';
    wid_new = '5px';
    tog.css('background-color', bg)
        .css('border-width', '0px')
        .css('border-right', wid_new + ' ridge ' + bg)
        .css('cursor', 'pointer')
        .css('position', 'absolute')
        .css('left', '-' + wid_new)
        .css('top', '0px')
        .css('width', wid_new);
    bod.css('position', 'relative');
    bod.prepend(tog);
    resize();

    /* Cookie helpers. */
    key = 'sphinxsidebar=';
    set_state = function (s) {
        var date = new Date();
        /* Expiry in 7 days. */
        date.setTime(date.getTime() + (7 * 24 * 3600 * 1000));
        document.cookie = key + encodeURIComponent(s) + '; expires=' +
            date.toUTCString() + '; path=/';
    };
    get_state = function () {
        var i, c, crumbs = document.cookie.split(';');
        for (i = 0; i < crumbs.length; i += 1) {
            c = crumbs[i].replace(/^\s+/, '');
            if (c.indexOf(key) === 0) {
                return decodeURIComponent(c.substring(key.length, c.length));
            }
        }
        return null;
    };

    /* Event handlers. */
    tog.mouseover(function (ev) {
        tog.css('border-right-color', fg);
    }).mouseout(function (ev) {
        tog.css('border-right-color', bg);
    }).click(function (ev) {
        if (bod.hasClass('wide')) {
            bod.removeClass('wide');
            bod.css('margin-left', wid_old);
            bar.css('width', wid_old);
            bar.show();
            set_state('visible');
        } else {
            set_state('hidden');
            bar.hide();
            bar.css('width', '0px');
            bod.css('margin-left', wid_new);
            bod.addClass('wide');
        }
        resize();
    });

    /* Hide the normally visible sidebar? */
    if (get_state() === 'hidden') {
        tog.trigger('click');
    } else {
        set_state('visible');
    }
});
    </script>
<script>
  (function(i,s,o,g,r,a,m){i['GoogleAnalyticsObject']=r;i[r]=i[r]||function(){
  (i[r].q=i[r].q||[]).push(arguments)},i[r].l=1*new Date();a=s.createElement(o),
  m=s.getElementsByTagName(o)[0];a.async=1;a.src=g;m.parentNode.insertBefore(a,m)
  })(window,document,'script','https://www.google-analytics.com/analytics.js','ga');

  ga('create', 'UA-66100-14', 'auto');
  ga('send', 'pageview');

</script>
  </body>
</html>